TN:
SF:src/components/CartItem.tsx
FN:13,CartItem
FN:46,(anonymous_1)
FN:47,(anonymous_2)
FNF:3
FNH:3
FNDA:25,CartItem
FNDA:1,(anonymous_1)
FNDA:2,(anonymous_2)
DA:19,25
DA:46,1
DA:47,2
LF:3
LH:3
BRDA:15,0,0,25
BRF:1
BRH:1
end_of_record
TN:
SF:src/components/EmptyState.tsx
FN:12,EmptyState
FNF:1
FNH:1
FNDA:41,EmptyState
DA:19,41
LF:1
LH:1
BRDA:23,0,0,41
BRDA:23,0,1,41
BRDA:26,1,0,41
BRDA:26,1,1,41
BRDA:26,1,2,41
BRF:5
BRH:5
end_of_record
TN:
SF:src/components/Header.tsx
FN:12,Header
FN:27,(anonymous_1)
FN:46,(anonymous_2)
FN:55,(anonymous_3)
FNF:4
FNH:1
FNDA:11,Header
FNDA:0,(anonymous_1)
FNDA:0,(anonymous_2)
FNDA:0,(anonymous_3)
DA:18,11
DA:20,11
DA:27,0
DA:46,0
DA:55,0
LF:5
LH:2
BRDA:13,0,0,11
BRDA:14,1,0,11
BRDA:15,2,0,11
BRDA:16,3,0,11
BRDA:25,4,0,0
BRDA:25,4,1,11
BRDA:60,5,0,11
BRDA:60,5,1,1
BRF:8
BRH:7
end_of_record
TN:
SF:src/components/OrderSummary.tsx
FN:12,OrderSummary
FNF:1
FNH:1
FNDA:25,OrderSummary
DA:19,25
LF:1
LH:1
BRDA:26,0,0,5
BRDA:26,0,1,20
BRF:2
BRH:2
end_of_record
TN:
SF:src/components/PaymentModal.tsx
FN:23,formatPrice
FN:31,detectCardType
FN:38,formatCardNumber
FN:44,PaymentModal
FN:69,(anonymous_4)
FN:93,(anonymous_5)
FN:123,(anonymous_6)
FN:129,(anonymous_7)
FN:187,(anonymous_8)
FN:230,(anonymous_9)
FN:257,(anonymous_10)
FN:280,(anonymous_11)
FN:293,(anonymous_12)
FN:303,(anonymous_13)
FN:313,(anonymous_14)
FN:332,(anonymous_15)
FN:342,(anonymous_16)
FN:354,(anonymous_17)
FN:364,(anonymous_18)
FN:385,(anonymous_19)
FN:396,(anonymous_20)
FN:406,(anonymous_21)
FN:433,(anonymous_22)
FN:490,(anonymous_23)
FNF:24
FNH:22
FNDA:322,formatPrice
FNDA:153,detectCardType
FNDA:12,formatCardNumber
FNDA:179,PaymentModal
FNDA:42,(anonymous_4)
FNDA:10,(anonymous_5)
FNDA:10,(anonymous_6)
FNDA:3,(anonymous_7)
FNDA:0,(anonymous_8)
FNDA:140,(anonymous_9)
FNDA:12,(anonymous_10)
FNDA:8,(anonymous_11)
FNDA:9,(anonymous_12)
FNDA:8,(anonymous_13)
FNDA:9,(anonymous_14)
FNDA:7,(anonymous_15)
FNDA:7,(anonymous_16)
FNDA:7,(anonymous_17)
FNDA:7,(anonymous_18)
FNDA:7,(anonymous_19)
FNDA:7,(anonymous_20)
FNDA:0,(anonymous_21)
FNDA:7,(anonymous_22)
FNDA:1,(anonymous_23)
DA:24,322
DA:32,153
DA:33,153
DA:34,52
DA:35,51
DA:39,12
DA:40,12
DA:41,12
DA:45,179
DA:46,179
DA:49,179
DA:50,179
DA:51,179
DA:52,179
DA:53,179
DA:56,179
DA:57,179
DA:58,179
DA:59,179
DA:62,179
DA:63,179
DA:64,179
DA:66,179
DA:69,179
DA:70,42
DA:71,24
DA:72,24
DA:73,24
DA:74,24
DA:75,24
DA:76,24
DA:77,24
DA:78,24
DA:79,24
DA:80,24
DA:81,24
DA:82,24
DA:83,24
DA:84,24
DA:85,24
DA:89,179
DA:91,153
DA:93,153
DA:94,10
DA:95,10
DA:97,10
DA:98,2
DA:99,8
DA:100,0
DA:102,10
DA:103,10
DA:104,2
DA:106,10
DA:107,10
DA:110,10
DA:111,10
DA:112,10
DA:113,10
DA:116,10
DA:117,10
DA:119,10
DA:120,10
DA:123,153
DA:124,10
DA:125,7
DA:129,153
DA:130,3
DA:131,3
DA:133,3
DA:134,3
DA:141,3
DA:147,3
DA:156,3
DA:163,1
DA:166,1
DA:175,2
DA:176,2
DA:177,1
DA:178,1
DA:180,1
DA:183,3
DA:187,153
DA:188,0
DA:189,0
DA:190,0
DA:194,153
DA:231,140
DA:257,12
DA:280,8
DA:293,9
DA:303,8
DA:313,9
DA:332,7
DA:342,7
DA:354,7
DA:364,7
DA:385,7
DA:396,7
DA:406,0
DA:434,7
DA:490,1
LF:101
LH:96
BRDA:33,0,0,101
BRDA:33,0,1,52
BRDA:34,1,0,1
BRDA:34,1,1,51
BRDA:34,2,0,52
BRDA:34,2,1,51
BRDA:41,3,0,12
BRDA:41,3,1,0
BRDA:70,4,0,24
BRDA:70,4,1,18
BRDA:89,5,0,26
BRDA:89,5,1,153
BRDA:97,6,0,2
BRDA:97,6,1,8
BRDA:97,7,0,10
BRDA:97,7,1,8
BRDA:99,8,0,0
BRDA:99,8,1,8
BRDA:102,9,0,2
BRDA:102,9,1,8
BRDA:103,10,0,2
BRDA:103,10,1,8
BRDA:103,11,0,10
BRDA:103,11,1,8
BRDA:103,11,2,8
BRDA:106,12,0,2
BRDA:106,12,1,8
BRDA:106,13,0,10
BRDA:106,13,1,8
BRDA:107,14,0,2
BRDA:107,14,1,8
BRDA:107,15,0,10
BRDA:107,15,1,8
BRDA:110,16,0,3
BRDA:110,16,1,7
BRDA:111,17,0,3
BRDA:111,17,1,7
BRDA:112,18,0,3
BRDA:112,18,1,7
BRDA:112,19,0,10
BRDA:112,19,1,7
BRDA:113,20,0,3
BRDA:113,20,1,7
BRDA:116,21,0,3
BRDA:116,21,1,7
BRDA:117,22,0,3
BRDA:117,22,1,7
BRDA:124,23,0,7
BRDA:124,23,1,3
BRDA:176,24,0,1
BRDA:176,24,1,1
BRDA:176,25,0,2
BRDA:176,25,1,2
BRDA:176,25,2,2
BRDA:178,26,0,1
BRDA:178,26,1,0
BRDA:188,27,0,0
BRDA:188,27,1,0
BRDA:208,28,0,153
BRDA:208,28,1,140
BRDA:209,29,0,179
BRDA:209,29,1,7
BRDA:210,30,0,179
BRDA:210,30,1,6
BRDA:212,31,0,179
BRDA:212,31,1,150
BRDA:221,32,0,179
BRDA:221,32,1,140
BRDA:227,33,0,140
BRDA:227,33,1,0
BRDA:259,34,0,2
BRDA:259,34,1,138
BRDA:261,35,0,140
BRDA:261,35,1,89
BRDA:263,36,0,89
BRDA:263,36,1,88
BRDA:266,37,0,89
BRDA:266,37,1,1
BRDA:272,38,0,140
BRDA:272,38,1,2
BRDA:282,39,0,2
BRDA:282,39,1,138
BRDA:284,40,0,140
BRDA:284,40,1,2
BRDA:295,41,0,2
BRDA:295,41,1,138
BRDA:305,42,0,2
BRDA:305,42,1,138
BRDA:315,43,0,2
BRDA:315,43,1,138
BRDA:334,44,0,3
BRDA:334,44,1,137
BRDA:344,45,0,3
BRDA:344,45,1,137
BRDA:356,46,0,3
BRDA:356,46,1,137
BRDA:366,47,0,3
BRDA:366,47,1,137
BRDA:387,48,0,3
BRDA:387,48,1,137
BRDA:398,49,0,3
BRDA:398,49,1,137
BRDA:424,50,0,179
BRDA:424,50,1,7
BRDA:472,51,0,7
BRDA:472,51,1,7
BRDA:475,52,0,7
BRDA:475,52,1,0
BRDA:506,53,0,179
BRDA:506,53,1,6
BRF:110
BRH:103
end_of_record
TN:
SF:src/components/ProductCard.tsx
FN:15,ProductCard
FN:64,(anonymous_1)
FN:65,(anonymous_2)
FNF:3
FNH:1
FNDA:22,ProductCard
FNDA:0,(anonymous_1)
FNDA:0,(anonymous_2)
DA:23,22
DA:24,22
DA:26,22
DA:64,0
DA:65,0
LF:5
LH:3
BRDA:18,0,0,22
BRDA:19,1,0,22
BRDA:29,2,0,0
BRDA:29,2,1,22
BRDA:39,3,0,22
BRDA:39,3,1,0
BRDA:54,4,0,11
BRDA:54,4,1,11
BRDA:55,5,0,11
BRDA:55,5,1,11
BRDA:59,6,0,0
BRDA:59,6,1,22
BRDA:71,7,0,11
BRDA:71,7,1,11
BRDA:74,8,0,22
BRDA:74,8,1,11
BRDA:76,9,0,22
BRDA:76,9,1,21
BRDA:79,10,0,11
BRDA:79,10,1,11
BRF:20
BRH:17
end_of_record
TN:
SF:src/components/ResultModal.tsx
FN:14,formatPrice
FN:22,ResultModal
FN:27,(anonymous_2)
FN:32,(anonymous_3)
FN:44,(anonymous_4)
FN:68,(anonymous_5)
FNF:6
FNH:6
FNDA:12,formatPrice
FNDA:81,ResultModal
FNDA:30,(anonymous_2)
FNDA:78,(anonymous_3)
FNDA:1,(anonymous_4)
FNDA:2,(anonymous_5)
DA:15,12
DA:23,81
DA:24,81
DA:27,81
DA:28,30
DA:32,81
DA:33,78
DA:35,9
DA:36,78
DA:39,78
DA:41,78
DA:43,2
DA:44,2
DA:45,1
DA:46,1
DA:47,1
DA:48,1
DA:52,1
DA:53,1
DA:58,1
DA:59,1
DA:60,1
DA:61,1
DA:64,0
DA:68,2
DA:69,2
DA:70,2
DA:74,81
DA:76,14
DA:77,81
DA:80,81
DA:82,81
LF:32
LH:31
BRDA:33,0,0,69
BRDA:33,0,1,9
BRDA:33,1,0,78
BRDA:33,1,1,11
BRDA:35,2,0,9
BRDA:35,2,1,3
BRDA:36,3,0,78
BRDA:36,3,1,8
BRDA:36,3,2,8
BRDA:39,4,0,78
BRDA:39,4,1,3
BRDA:41,5,0,7
BRDA:41,5,1,71
BRDA:47,6,0,1
BRDA:47,6,1,0
BRDA:48,7,0,1
BRDA:48,7,1,1
BRDA:48,7,2,1
BRDA:52,8,0,1
BRDA:52,8,1,0
BRDA:52,9,0,1
BRDA:52,9,1,0
BRDA:74,10,0,67
BRDA:74,10,1,14
BRDA:76,11,0,14
BRDA:76,11,1,7
BRDA:77,12,0,81
BRDA:77,12,1,13
BRDA:77,12,2,13
BRDA:80,13,0,81
BRDA:80,13,1,7
BRDA:80,13,2,6
BRDA:100,14,0,2
BRDA:100,14,1,12
BRDA:107,15,0,1
BRDA:107,15,1,1
BRDA:111,16,0,2
BRDA:111,16,1,1
BRDA:123,17,0,7
BRDA:123,17,1,5
BRDA:131,18,0,1
BRDA:131,18,1,4
BRDA:139,19,0,4
BRDA:139,19,1,0
BRDA:142,20,0,2
BRDA:142,20,1,2
BRDA:150,21,0,2
BRDA:150,21,1,2
BRDA:155,22,0,81
BRDA:155,22,1,12
BRDA:171,23,0,7
BRDA:171,23,1,5
BRDA:172,24,0,1
BRDA:172,24,1,4
BRDA:174,25,0,7
BRDA:174,25,1,5
BRDA:174,26,0,1
BRDA:174,26,1,4
BRDA:175,27,0,12
BRDA:175,27,1,4
BRDA:175,27,2,2
BRDA:186,28,0,7
BRDA:186,28,1,7
BRDA:189,29,0,81
BRDA:189,29,1,7
BRF:65
BRH:61
end_of_record
TN:
SF:src/components/index.ts
FNF:0
FNH:0
LF:0
LH:0
BRF:0
BRH:0
end_of_record
TN:
SF:src/components/ui/Badge.tsx
FN:19,Badge
FNF:1
FNH:1
FNDA:1,Badge
DA:11,2
DA:24,1
LF:2
LH:2
BRDA:21,0,0,1
BRDA:22,1,0,1
BRF:2
BRH:2
end_of_record
TN:
SF:src/components/ui/Button.tsx
FN:28,Button
FNF:1
FNH:1
FNDA:89,Button
DA:15,2
DA:22,2
DA:38,89
LF:3
LH:3
BRDA:29,0,0,89
BRDA:30,1,0,89
BRDA:31,2,0,89
BRDA:35,3,0,89
BRDA:40,4,0,89
BRDA:40,4,1,77
BRDA:51,5,0,1
BRDA:51,5,1,88
BRF:8
BRH:8
end_of_record
TN:
SF:src/components/ui/Card.tsx
FN:10,Card
FN:36,CardHeader
FN:49,CardContent
FNF:3
FNH:2
FNDA:72,Card
FNDA:0,CardHeader
FNDA:47,CardContent
DA:16,72
DA:37,0
DA:50,47
LF:3
LH:2
BRDA:12,0,0,72
BRDA:13,1,0,72
BRDA:14,2,0,72
BRDA:20,3,0,11
BRDA:20,3,1,61
BRDA:20,4,0,72
BRDA:20,4,1,11
BRDA:21,5,0,11
BRDA:21,5,1,61
BRDA:36,6,0,0
BRDA:49,7,0,47
BRF:11
BRH:10
end_of_record
TN:
SF:src/components/ui/Input.tsx
FN:8,(anonymous_0)
FNF:1
FNH:0
FNDA:0,(anonymous_0)
DA:8,2
DA:10,0
DA:36,2
LF:3
LH:2
BRDA:9,0,0,0
BRDA:12,1,0,0
BRDA:12,1,1,0
BRDA:23,2,0,0
BRDA:23,2,1,0
BRDA:28,3,0,0
BRDA:28,3,1,0
BRF:7
BRH:0
end_of_record
TN:
SF:src/components/ui/QuantitySelector.tsx
FN:12,QuantitySelector
FNF:1
FNH:1
FNDA:25,QuantitySelector
DA:20,25
DA:21,25
DA:22,25
DA:24,25
LF:4
LH:4
BRDA:17,0,0,25
BRDA:18,1,0,25
BRDA:20,2,0,25
BRDA:20,2,1,0
BRDA:21,3,0,25
BRDA:21,3,1,0
BRDA:22,4,0,25
BRDA:22,4,1,0
BRDA:37,5,0,25
BRDA:37,5,1,21
BRF:10
BRH:7
end_of_record
TN:
SF:src/components/ui/Spinner.tsx
FN:12,Spinner
FNF:1
FNH:1
FNDA:22,Spinner
DA:6,2
DA:13,22
LF:2
LH:2
BRDA:12,0,0,22
BRDA:12,1,0,22
BRF:2
BRH:2
end_of_record
TN:
SF:src/components/ui/index.ts
FNF:0
FNH:0
LF:0
LH:0
BRF:0
BRH:0
end_of_record
TN:
SF:src/context/CheckoutContext.tsx
FN:5,generateSessionId
FN:28,CheckoutProvider
FN:36,(anonymous_2)
FN:48,(anonymous_3)
FN:52,(anonymous_4)
FN:65,(anonymous_5)
FN:78,(anonymous_6)
FN:91,(anonymous_7)
FN:95,(anonymous_8)
FN:99,(anonymous_9)
FN:103,(anonymous_10)
FN:104,(anonymous_11)
FN:107,(anonymous_12)
FN:140,useCheckout
FNF:14
FNH:13
FNDA:38,generateSessionId
FNDA:128,CheckoutProvider
FNDA:43,(anonymous_2)
FNDA:38,(anonymous_3)
FNDA:1,(anonymous_4)
FNDA:2,(anonymous_5)
FNDA:2,(anonymous_6)
FNDA:1,(anonymous_7)
FNDA:1,(anonymous_8)
FNDA:2,(anonymous_9)
FNDA:1,(anonymous_10)
FNDA:1,(anonymous_11)
FNDA:0,(anonymous_12)
FNDA:132,useCheckout
DA:6,38
DA:7,38
DA:8,37
DA:9,37
DA:10,37
DA:26,3
DA:29,128
DA:30,128
DA:31,128
DA:32,128
DA:33,128
DA:34,128
DA:36,128
DA:37,43
DA:38,43
DA:39,43
DA:40,43
DA:42,0
DA:44,43
DA:48,128
DA:49,38
DA:52,128
DA:53,1
DA:54,1
DA:55,1
DA:56,1
DA:58,0
DA:59,0
DA:61,1
DA:65,128
DA:66,2
DA:67,2
DA:68,2
DA:69,2
DA:71,0
DA:72,0
DA:74,2
DA:78,128
DA:79,2
DA:80,2
DA:81,2
DA:82,2
DA:84,0
DA:85,0
DA:87,2
DA:91,128
DA:92,1
DA:95,128
DA:96,1
DA:99,128
DA:100,2
DA:103,128
DA:104,1
DA:107,128
DA:108,0
DA:109,0
DA:110,0
DA:111,0
DA:112,0
DA:115,128
DA:141,132
DA:142,132
DA:143,2
DA:145,129
LF:64
LH:52
BRDA:7,0,0,1
BRDA:7,0,1,37
BRDA:52,1,0,1
BRDA:104,2,0,1
BRDA:104,2,1,0
BRDA:142,3,0,2
BRDA:142,3,1,130
BRF:7
BRH:6
end_of_record
TN:
SF:src/hooks/useFormatPrice.ts
FN:3,useFormatPrice
FN:4,(anonymous_1)
FN:15,formatPrice
FNF:3
FNH:1
FNDA:0,useFormatPrice
FNDA:0,(anonymous_1)
FNDA:172,formatPrice
DA:4,0
DA:5,0
DA:12,0
DA:16,172
LF:4
LH:1
BRF:0
BRH:0
end_of_record
TN:
SF:src/pages/CartPage.tsx
FN:9,CartPage
FN:18,(anonymous_1)
FN:30,(anonymous_2)
FN:45,(anonymous_3)
FN:63,(anonymous_4)
FN:68,(anonymous_5)
FN:73,(anonymous_6)
FN:74,(anonymous_7)
FN:90,(anonymous_8)
FN:103,(anonymous_9)
FN:106,(anonymous_10)
FN:113,(anonymous_11)
FN:125,(anonymous_12)
FN:141,(anonymous_13)
FNF:14
FNH:7
FNDA:66,CartPage
FNDA:3,(anonymous_1)
FNDA:1,(anonymous_2)
FNDA:0,(anonymous_3)
FNDA:0,(anonymous_4)
FNDA:25,(anonymous_5)
FNDA:3,(anonymous_6)
FNDA:1,(anonymous_7)
FNDA:1,(anonymous_8)
FNDA:0,(anonymous_9)
FNDA:0,(anonymous_10)
FNDA:0,(anonymous_11)
FNDA:0,(anonymous_12)
FNDA:0,(anonymous_13)
DA:10,66
DA:11,66
DA:13,66
DA:14,66
DA:15,66
DA:16,66
DA:18,66
DA:19,3
DA:20,3
DA:21,1
DA:22,2
DA:23,2
DA:26,0
DA:30,66
DA:31,1
DA:32,1
DA:34,0
DA:38,66
DA:40,66
DA:45,0
DA:63,0
DA:69,25
DA:73,3
DA:74,1
DA:90,1
DA:103,0
DA:107,0
DA:108,0
DA:109,0
DA:110,0
DA:111,0
DA:114,0
DA:115,0
DA:116,0
DA:117,0
DA:126,0
DA:129,0
DA:130,0
DA:131,0
DA:132,0
DA:135,0
DA:136,0
DA:137,0
DA:142,0
DA:143,0
DA:145,0
DA:146,0
LF:47
LH:21
BRDA:20,0,0,1
BRDA:20,0,1,2
BRDA:22,1,0,2
BRDA:22,1,1,0
BRDA:38,2,0,66
BRDA:38,2,1,28
BRDA:57,3,0,41
BRDA:57,3,1,25
BRDA:100,4,0,66
BRDA:100,4,1,28
BRDA:100,4,2,25
BRDA:126,5,0,0
BRDA:126,5,1,0
BRDA:129,6,0,0
BRDA:129,6,1,0
BRDA:143,7,0,0
BRDA:143,7,1,0
BRDA:145,8,0,0
BRDA:145,8,1,0
BRF:19
BRH:10
end_of_record
TN:
SF:src/pages/OrderLookupPage.tsx
FN:6,formatPrice
FN:14,formatDate
FN:21,OrderLookupPage
FN:28,(anonymous_3)
FN:55,(anonymous_4)
FN:71,(anonymous_5)
FN:96,(anonymous_6)
FN:130,(anonymous_7)
FN:174,(anonymous_8)
FNF:9
FNH:8
FNDA:42,formatPrice
FNDA:12,formatDate
FNDA:38,OrderLookupPage
FNDA:8,(anonymous_3)
FNDA:6,(anonymous_4)
FNDA:0,(anonymous_5)
FNDA:9,(anonymous_6)
FNDA:6,(anonymous_7)
FNDA:6,(anonymous_8)
DA:7,42
DA:15,12
DA:22,38
DA:23,38
DA:24,38
DA:25,38
DA:26,38
DA:28,38
DA:29,8
DA:30,8
DA:32,8
DA:33,8
DA:34,8
DA:36,8
DA:37,8
DA:38,6
DA:40,2
DA:41,1
DA:42,1
DA:43,1
DA:45,0
DA:48,1
DA:51,8
DA:55,38
DA:56,6
DA:57,6
DA:58,4
DA:60,2
DA:61,1
DA:63,1
DA:66,38
DA:71,0
DA:96,9
DA:132,6
DA:133,6
DA:134,6
DA:175,6
LF:37
LH:35
BRDA:30,0,0,0
BRDA:30,0,1,8
BRDA:40,1,0,1
BRDA:40,1,1,1
BRDA:40,2,0,2
BRDA:40,2,1,2
BRDA:40,2,2,2
BRDA:42,3,0,1
BRDA:42,3,1,0
BRDA:57,4,0,4
BRDA:57,4,1,2
BRDA:60,5,0,1
BRDA:60,5,1,1
BRDA:60,6,0,2
BRDA:60,6,1,1
BRDA:60,6,2,1
BRDA:102,7,0,38
BRDA:102,7,1,30
BRDA:105,8,0,8
BRDA:105,8,1,30
BRDA:117,9,0,38
BRDA:117,9,1,2
BRDA:123,10,0,38
BRDA:123,10,1,6
BRDA:132,11,0,6
BRDA:132,11,1,0
BRDA:146,12,0,6
BRDA:146,12,1,0
BRDA:152,13,0,6
BRDA:152,13,1,6
BRDA:158,14,0,6
BRDA:158,14,1,6
BRDA:159,15,0,6
BRDA:159,15,1,0
BRDA:167,16,0,6
BRDA:167,16,1,6
BRDA:167,16,2,6
BRDA:189,17,0,6
BRDA:189,17,1,6
BRDA:223,18,0,38
BRDA:223,18,1,32
BRDA:223,18,2,30
BRDA:223,18,3,22
BRF:43
BRH:38
end_of_record
TN:
SF:src/pages/ProductsPage.tsx
FN:8,ProductsPage
FN:15,(anonymous_1)
FN:16,(anonymous_2)
FN:30,(anonymous_3)
FN:31,(anonymous_4)
FN:35,(anonymous_5)
FN:47,(anonymous_6)
FN:73,(anonymous_7)
FN:93,(anonymous_8)
FN:100,(anonymous_9)
FN:101,(anonymous_10)
FNF:11
FNH:7
FNDA:34,ProductsPage
FNDA:11,(anonymous_1)
FNDA:11,(anonymous_2)
FNDA:22,(anonymous_3)
FNDA:0,(anonymous_4)
FNDA:1,(anonymous_5)
FNDA:0,(anonymous_6)
FNDA:0,(anonymous_7)
FNDA:22,(anonymous_8)
FNDA:1,(anonymous_9)
FNDA:0,(anonymous_10)
DA:9,34
DA:10,34
DA:11,34
DA:12,34
DA:13,34
DA:15,34
DA:16,11
DA:17,11
DA:18,11
DA:19,9
DA:21,1
DA:22,1
DA:24,10
DA:27,11
DA:30,34
DA:31,22
DA:32,22
DA:35,34
DA:36,1
DA:37,1
DA:38,1
DA:39,1
DA:41,0
DA:43,1
DA:47,34
DA:48,0
DA:49,0
DA:50,0
DA:51,0
DA:52,0
DA:55,0
DA:59,34
DA:60,22
DA:67,12
DA:68,1
DA:73,0
DA:83,11
DA:94,22
DA:100,1
DA:101,0
LF:40
LH:31
BRDA:32,0,0,22
BRDA:32,0,1,22
BRDA:36,1,0,0
BRDA:36,1,1,1
BRDA:49,2,0,0
BRDA:49,2,1,0
BRDA:51,3,0,0
BRDA:51,3,1,0
BRDA:59,4,0,22
BRDA:59,4,1,12
BRDA:67,5,0,1
BRDA:67,5,1,11
BRDA:85,6,0,11
BRDA:85,6,1,10
BRF:14
BRH:9
end_of_record
